<?xml version="1.0" encoding="UTF-8"?>
<!-- Generated by org.testng.reporters.JUnitReportReporter -->
<testsuite hostname="MSI" failures="0" tests="3" name="com.crm.qa.testcases.LoginPageTest" time="7.632" errors="0" timestamp="11 Dec. 2022 20:34:25 GMT" skipped="0">
  <testcase classname="com.crm.qa.testcases.LoginPageTest" name="loginPageTitleTest" time="2.011"/>
  <testcase classname="com.crm.qa.testcases.LoginPageTest" name="crmLogoImageTest" time="2.017"/>
  <testcase classname="com.crm.qa.testcases.LoginPageTest" name="loginTest" time="3.604"/>
</testsuite> <!-- com.crm.qa.testcases.LoginPageTest -->
